<?xml version="1.0" encoding="UTF-8"?>
<testng-results skipped="0" failed="0" ignored="0" total="1" passed="1">
  <reporter-output>
  </reporter-output>
  <suite name="Suite" duration-ms="34296" started-at="2019-12-08T04:25:46Z" finished-at="2019-12-08T04:26:20Z">
    <groups>
      <group name="cucumber">
        <method signature="AbstractTestNGCucumberTests.feature(cucumber.api.testng.CucumberFeatureWrapper)[pri:0, instance:cucumberRunner.T24TestRunnerClass@5f341870]" name="feature" class="cucumber.api.testng.AbstractTestNGCucumberTests"/>
      </group> <!-- cucumber -->
    </groups>
    <test name="Test" duration-ms="34296" started-at="2019-12-08T04:25:46Z" finished-at="2019-12-08T04:26:20Z">
      <class name="cucumberRunner.T24TestRunnerClass">
        <test-method status="PASS" signature="setUpClass()[pri:0, instance:cucumberRunner.T24TestRunnerClass@5f341870]" name="setUpClass" is-config="true" duration-ms="328" started-at="2019-12-08T04:25:46Z" finished-at="2019-12-08T04:25:46Z">
          <reporter-output>
          </reporter-output>
        </test-method> <!-- setUpClass -->
        <test-method status="PASS" signature="setup()[pri:0, instance:cucumberRunner.T24TestRunnerClass@5f341870]" name="setup" is-config="true" duration-ms="141" started-at="2019-12-08T04:25:46Z" finished-at="2019-12-08T04:25:46Z">
          <reporter-output>
          </reporter-output>
        </test-method> <!-- setup -->
        <test-method status="PASS" signature="feature(cucumber.api.testng.CucumberFeatureWrapper)[pri:0, instance:cucumberRunner.T24TestRunnerClass@5f341870]" name="feature" duration-ms="33451" started-at="2019-12-08T04:25:46Z" description="Runs Cucumber Feature" data-provider="features" finished-at="2019-12-08T04:26:20Z">
          <params>
            <param index="0">
              <value>
                <![CDATA[Validation of Home Loan Application Form]]>
              </value>
            </param>
          </params>
          <reporter-output>
          </reporter-output>
        </test-method> <!-- feature -->
        <test-method status="PASS" signature="tearDownClass()[pri:0, instance:cucumberRunner.T24TestRunnerClass@5f341870]" name="tearDownClass" is-config="true" duration-ms="266" started-at="2019-12-08T04:26:20Z" finished-at="2019-12-08T04:26:20Z">
          <reporter-output>
          </reporter-output>
        </test-method> <!-- tearDownClass -->
      </class> <!-- cucumberRunner.T24TestRunnerClass -->
    </test> <!-- Test -->
  </suite> <!-- Suite -->
</testng-results>
